{"/Users/jakubzientek/websites/homework33/src/components/headless/carousel/Carousel.tsx": {"path":"/Users/jakubzientek/websites/homework33/src/components/headless/carousel/Carousel.tsx","all":false,"statementMap":{"0":{"start":{"line":1,"column":0},"end":{"line":1,"column":26}},"1":{"start":{"line":2,"column":0},"end":{"line":2,"column":50}},"2":{"start":{"line":3,"column":0},"end":{"line":3,"column":50}},"3":{"start":{"line":4,"column":0},"end":{"line":4,"column":8}},"4":{"start":{"line":5,"column":0},"end":{"line":5,"column":22}},"5":{"start":{"line":6,"column":0},"end":{"line":6,"column":19}},"6":{"start":{"line":7,"column":0},"end":{"line":7,"column":18}},"7":{"start":{"line":8,"column":0},"end":{"line":8,"column":30}},"8":{"start":{"line":9,"column":0},"end":{"line":9,"column":15}},"9":{"start":{"line":10,"column":0},"end":{"line":10,"column":23}},"10":{"start":{"line":11,"column":0},"end":{"line":11,"column":0}},"11":{"start":{"line":12,"column":0},"end":{"line":12,"column":72}},"12":{"start":{"line":13,"column":0},"end":{"line":13,"column":0}},"13":{"start":{"line":14,"column":0},"end":{"line":14,"column":41}},"14":{"start":{"line":15,"column":0},"end":{"line":15,"column":46}},"15":{"start":{"line":16,"column":0},"end":{"line":16,"column":50}},"16":{"start":{"line":17,"column":0},"end":{"line":17,"column":20}},"17":{"start":{"line":18,"column":0},"end":{"line":18,"column":81}},"18":{"start":{"line":19,"column":0},"end":{"line":19,"column":6}},"19":{"start":{"line":20,"column":0},"end":{"line":20,"column":3}},"20":{"start":{"line":21,"column":0},"end":{"line":21,"column":17}},"21":{"start":{"line":22,"column":0},"end":{"line":22,"column":2}},"22":{"start":{"line":23,"column":0},"end":{"line":23,"column":0}},"23":{"start":{"line":24,"column":0},"end":{"line":24,"column":76}},"24":{"start":{"line":25,"column":0},"end":{"line":25,"column":10}},"25":{"start":{"line":26,"column":0},"end":{"line":26,"column":29}},"26":{"start":{"line":27,"column":0},"end":{"line":27,"column":56}},"27":{"start":{"line":28,"column":0},"end":{"line":28,"column":5}},"28":{"start":{"line":29,"column":0},"end":{"line":29,"column":49}},"29":{"start":{"line":30,"column":0},"end":{"line":30,"column":18}},"30":{"start":{"line":31,"column":0},"end":{"line":31,"column":12}},"31":{"start":{"line":32,"column":0},"end":{"line":32,"column":31}},"32":{"start":{"line":33,"column":0},"end":{"line":33,"column":4}},"33":{"start":{"line":34,"column":0},"end":{"line":34,"column":2}},"34":{"start":{"line":35,"column":0},"end":{"line":35,"column":0}},"35":{"start":{"line":36,"column":0},"end":{"line":36,"column":68}},"36":{"start":{"line":37,"column":0},"end":{"line":37,"column":10}},"37":{"start":{"line":38,"column":0},"end":{"line":38,"column":44}},"38":{"start":{"line":39,"column":0},"end":{"line":39,"column":16}},"39":{"start":{"line":40,"column":0},"end":{"line":40,"column":10}},"40":{"start":{"line":41,"column":0},"end":{"line":41,"column":4}},"41":{"start":{"line":42,"column":0},"end":{"line":42,"column":2}},"42":{"start":{"line":43,"column":0},"end":{"line":43,"column":0}},"43":{"start":{"line":44,"column":0},"end":{"line":44,"column":67}},"44":{"start":{"line":45,"column":0},"end":{"line":45,"column":10}},"45":{"start":{"line":46,"column":0},"end":{"line":46,"column":43}},"46":{"start":{"line":47,"column":0},"end":{"line":47,"column":16}},"47":{"start":{"line":48,"column":0},"end":{"line":48,"column":10}},"48":{"start":{"line":49,"column":0},"end":{"line":49,"column":4}},"49":{"start":{"line":50,"column":0},"end":{"line":50,"column":2}},"50":{"start":{"line":51,"column":0},"end":{"line":51,"column":0}},"51":{"start":{"line":52,"column":0},"end":{"line":52,"column":72}},"52":{"start":{"line":53,"column":0},"end":{"line":53,"column":45}},"53":{"start":{"line":54,"column":0},"end":{"line":54,"column":10}},"54":{"start":{"line":55,"column":0},"end":{"line":55,"column":80}},"55":{"start":{"line":56,"column":0},"end":{"line":56,"column":16}},"56":{"start":{"line":57,"column":0},"end":{"line":57,"column":13}},"57":{"start":{"line":58,"column":0},"end":{"line":58,"column":4}},"58":{"start":{"line":59,"column":0},"end":{"line":59,"column":2}},"59":{"start":{"line":60,"column":0},"end":{"line":60,"column":0}},"60":{"start":{"line":61,"column":0},"end":{"line":61,"column":73}},"61":{"start":{"line":62,"column":0},"end":{"line":62,"column":45}},"62":{"start":{"line":63,"column":0},"end":{"line":63,"column":0}},"63":{"start":{"line":64,"column":0},"end":{"line":64,"column":10}},"64":{"start":{"line":65,"column":0},"end":{"line":65,"column":11}},"65":{"start":{"line":66,"column":0},"end":{"line":66,"column":31}},"66":{"start":{"line":67,"column":0},"end":{"line":67,"column":33}},"67":{"start":{"line":68,"column":0},"end":{"line":68,"column":20}},"68":{"start":{"line":69,"column":0},"end":{"line":69,"column":5}},"69":{"start":{"line":70,"column":0},"end":{"line":70,"column":16}},"70":{"start":{"line":71,"column":0},"end":{"line":71,"column":13}},"71":{"start":{"line":72,"column":0},"end":{"line":72,"column":4}},"72":{"start":{"line":73,"column":0},"end":{"line":73,"column":2}},"73":{"start":{"line":74,"column":0},"end":{"line":74,"column":0}},"74":{"start":{"line":75,"column":0},"end":{"line":75,"column":72}},"75":{"start":{"line":76,"column":0},"end":{"line":76,"column":45}},"76":{"start":{"line":77,"column":0},"end":{"line":77,"column":0}},"77":{"start":{"line":78,"column":0},"end":{"line":78,"column":10}},"78":{"start":{"line":79,"column":0},"end":{"line":79,"column":11}},"79":{"start":{"line":80,"column":0},"end":{"line":80,"column":23}},"80":{"start":{"line":81,"column":0},"end":{"line":81,"column":22}},"81":{"start":{"line":82,"column":0},"end":{"line":82,"column":25}},"82":{"start":{"line":83,"column":0},"end":{"line":83,"column":8}},"83":{"start":{"line":84,"column":0},"end":{"line":84,"column":20}},"84":{"start":{"line":85,"column":0},"end":{"line":85,"column":5}},"85":{"start":{"line":86,"column":0},"end":{"line":86,"column":16}},"86":{"start":{"line":87,"column":0},"end":{"line":87,"column":13}},"87":{"start":{"line":88,"column":0},"end":{"line":88,"column":4}},"88":{"start":{"line":89,"column":0},"end":{"line":89,"column":2}},"89":{"start":{"line":90,"column":0},"end":{"line":90,"column":0}},"90":{"start":{"line":91,"column":0},"end":{"line":91,"column":29}},"91":{"start":{"line":92,"column":0},"end":{"line":92,"column":11}},"92":{"start":{"line":93,"column":0},"end":{"line":93,"column":15}},"93":{"start":{"line":94,"column":0},"end":{"line":94,"column":27}},"94":{"start":{"line":95,"column":0},"end":{"line":95,"column":14}},"95":{"start":{"line":96,"column":0},"end":{"line":96,"column":36}},"96":{"start":{"line":97,"column":0},"end":{"line":97,"column":58}},"97":{"start":{"line":98,"column":0},"end":{"line":98,"column":0}},"98":{"start":{"line":99,"column":0},"end":{"line":99,"column":10}},"99":{"start":{"line":100,"column":0},"end":{"line":100,"column":8}},"100":{"start":{"line":101,"column":0},"end":{"line":101,"column":34}},"101":{"start":{"line":102,"column":0},"end":{"line":102,"column":14}},"102":{"start":{"line":103,"column":0},"end":{"line":103,"column":27}},"103":{"start":{"line":104,"column":0},"end":{"line":104,"column":24}},"104":{"start":{"line":105,"column":0},"end":{"line":105,"column":29}},"105":{"start":{"line":106,"column":0},"end":{"line":106,"column":35}},"106":{"start":{"line":107,"column":0},"end":{"line":107,"column":8}},"107":{"start":{"line":108,"column":0},"end":{"line":108,"column":5}},"108":{"start":{"line":109,"column":0},"end":{"line":109,"column":10}},"109":{"start":{"line":110,"column":0},"end":{"line":110,"column":38}},"110":{"start":{"line":111,"column":0},"end":{"line":111,"column":16}},"111":{"start":{"line":112,"column":0},"end":{"line":112,"column":62}},"112":{"start":{"line":113,"column":0},"end":{"line":113,"column":79}},"113":{"start":{"line":114,"column":0},"end":{"line":114,"column":48}},"114":{"start":{"line":115,"column":0},"end":{"line":115,"column":26}},"115":{"start":{"line":116,"column":0},"end":{"line":116,"column":10}},"116":{"start":{"line":117,"column":0},"end":{"line":117,"column":22}},"117":{"start":{"line":118,"column":0},"end":{"line":118,"column":7}},"118":{"start":{"line":119,"column":0},"end":{"line":119,"column":18}},"119":{"start":{"line":120,"column":0},"end":{"line":120,"column":12}},"120":{"start":{"line":121,"column":0},"end":{"line":121,"column":10}},"121":{"start":{"line":122,"column":0},"end":{"line":122,"column":4}},"122":{"start":{"line":123,"column":0},"end":{"line":123,"column":2}},"123":{"start":{"line":124,"column":0},"end":{"line":124,"column":0}},"124":{"start":{"line":125,"column":0},"end":{"line":125,"column":24}}},"s":{"0":1,"1":1,"2":1,"3":1,"4":1,"5":1,"6":1,"7":1,"8":1,"9":1,"10":1,"11":1,"12":1,"13":1,"14":22,"15":22,"16":4,"17":4,"18":4,"19":4,"20":22,"21":4,"22":1,"23":1,"24":3,"25":3,"26":3,"27":3,"28":3,"29":3,"30":3,"31":3,"32":3,"33":3,"34":1,"35":1,"36":9,"37":9,"38":9,"39":9,"40":9,"41":9,"42":1,"43":1,"44":3,"45":3,"46":3,"47":3,"48":3,"49":3,"50":1,"51":1,"52":3,"53":3,"54":3,"55":3,"56":3,"57":3,"58":3,"59":1,"60":1,"61":3,"62":3,"63":3,"64":3,"65":3,"66":3,"67":3,"68":3,"69":3,"70":3,"71":3,"72":3,"73":1,"74":1,"75":9,"76":9,"77":9,"78":9,"79":9,"80":9,"81":0,"82":0,"83":9,"84":9,"85":9,"86":9,"87":9,"88":9,"89":1,"90":1,"91":3,"92":3,"93":3,"94":3,"95":3,"96":3,"97":3,"98":3,"99":3,"100":3,"101":3,"102":3,"103":3,"104":3,"105":3,"106":3,"107":3,"108":3,"109":3,"110":3,"111":3,"112":3,"113":3,"114":3,"115":3,"116":3,"117":3,"118":3,"119":3,"120":3,"121":3,"122":3,"123":1,"124":1},"branchMap":{"0":{"type":"branch","line":14,"loc":{"start":{"line":14,"column":34},"end":{"line":22,"column":2}},"locations":[{"start":{"line":14,"column":34},"end":{"line":22,"column":2}}]},"1":{"type":"branch","line":16,"loc":{"start":{"line":16,"column":49},"end":{"line":21,"column":9}},"locations":[{"start":{"line":16,"column":49},"end":{"line":21,"column":9}}]},"2":{"type":"branch","line":21,"loc":{"start":{"line":21,"column":2},"end":{"line":22,"column":2}},"locations":[{"start":{"line":21,"column":2},"end":{"line":22,"column":2}}]},"3":{"type":"branch","line":22,"loc":{"start":{"line":22,"column":0},"end":{"line":22,"column":2}},"locations":[{"start":{"line":22,"column":0},"end":{"line":22,"column":2}}]},"4":{"type":"branch","line":24,"loc":{"start":{"line":24,"column":18},"end":{"line":34,"column":2}},"locations":[{"start":{"line":24,"column":18},"end":{"line":34,"column":2}}]},"5":{"type":"branch","line":36,"loc":{"start":{"line":36,"column":18},"end":{"line":42,"column":2}},"locations":[{"start":{"line":36,"column":18},"end":{"line":42,"column":2}}]},"6":{"type":"branch","line":44,"loc":{"start":{"line":44,"column":17},"end":{"line":50,"column":2}},"locations":[{"start":{"line":44,"column":17},"end":{"line":50,"column":2}}]},"7":{"type":"branch","line":52,"loc":{"start":{"line":52,"column":22},"end":{"line":59,"column":2}},"locations":[{"start":{"line":52,"column":22},"end":{"line":59,"column":2}}]},"8":{"type":"branch","line":61,"loc":{"start":{"line":61,"column":23},"end":{"line":73,"column":2}},"locations":[{"start":{"line":61,"column":23},"end":{"line":73,"column":2}}]},"9":{"type":"branch","line":75,"loc":{"start":{"line":75,"column":16},"end":{"line":89,"column":2}},"locations":[{"start":{"line":75,"column":16},"end":{"line":89,"column":2}}]},"10":{"type":"branch","line":91,"loc":{"start":{"line":91,"column":28},"end":{"line":123,"column":2}},"locations":[{"start":{"line":91,"column":28},"end":{"line":123,"column":2}}]}},"b":{"0":[22],"1":[4],"2":[18],"3":[4],"4":[3],"5":[9],"6":[3],"7":[3],"8":[3],"9":[9],"10":[3]},"fnMap":{"0":{"name":"useCarouselContext","decl":{"start":{"line":14,"column":34},"end":{"line":22,"column":2}},"loc":{"start":{"line":14,"column":34},"end":{"line":22,"column":2}},"line":14},"1":{"name":"get","decl":{"start":{"line":22,"column":0},"end":{"line":22,"column":2}},"loc":{"start":{"line":22,"column":0},"end":{"line":22,"column":2}},"line":22},"2":{"name":"Carousel","decl":{"start":{"line":24,"column":18},"end":{"line":34,"column":2}},"loc":{"start":{"line":24,"column":18},"end":{"line":34,"column":2}},"line":24},"3":{"name":"Carousel.Slide","decl":{"start":{"line":36,"column":18},"end":{"line":42,"column":2}},"loc":{"start":{"line":36,"column":18},"end":{"line":42,"column":2}},"line":36},"4":{"name":"Carousel.Dots","decl":{"start":{"line":44,"column":17},"end":{"line":50,"column":2}},"loc":{"start":{"line":44,"column":17},"end":{"line":50,"column":2}},"line":44},"5":{"name":"Carousel.LeftArrow","decl":{"start":{"line":52,"column":22},"end":{"line":59,"column":2}},"loc":{"start":{"line":52,"column":22},"end":{"line":59,"column":2}},"line":52},"6":{"name":"onClick","decl":{"start":{"line":55,"column":46},"end":{"line":55,"column":64}},"loc":{"start":{"line":55,"column":46},"end":{"line":55,"column":64}},"line":55},"7":{"name":"Carousel.RightArrow","decl":{"start":{"line":61,"column":23},"end":{"line":73,"column":2}},"loc":{"start":{"line":61,"column":23},"end":{"line":73,"column":2}},"line":61},"8":{"name":"onClick","decl":{"start":{"line":67,"column":15},"end":{"line":67,"column":33}},"loc":{"start":{"line":67,"column":15},"end":{"line":67,"column":33}},"line":67},"9":{"name":"Carousel.Dot","decl":{"start":{"line":75,"column":16},"end":{"line":89,"column":2}},"loc":{"start":{"line":75,"column":16},"end":{"line":89,"column":2}},"line":75},"10":{"name":"onClick","decl":{"start":{"line":81,"column":15},"end":{"line":83,"column":8}},"loc":{"start":{"line":81,"column":15},"end":{"line":83,"column":8}},"line":81},"11":{"name":"Carousel.SlidesContainer","decl":{"start":{"line":91,"column":28},"end":{"line":123,"column":2}},"loc":{"start":{"line":91,"column":28},"end":{"line":123,"column":2}},"line":91}},"f":{"0":22,"1":4,"2":3,"3":9,"4":3,"5":3,"6":0,"7":3,"8":0,"9":9,"10":0,"11":3}}
,"/Users/jakubzientek/websites/homework33/src/components/headless/carousel/hooks/useCarousel.tsx": {"path":"/Users/jakubzientek/websites/homework33/src/components/headless/carousel/hooks/useCarousel.tsx","all":false,"statementMap":{"0":{"start":{"line":1,"column":0},"end":{"line":1,"column":40}},"1":{"start":{"line":2,"column":0},"end":{"line":2,"column":0}},"2":{"start":{"line":3,"column":0},"end":{"line":3,"column":49}},"3":{"start":{"line":4,"column":0},"end":{"line":4,"column":58}},"4":{"start":{"line":5,"column":0},"end":{"line":5,"column":0}},"5":{"start":{"line":6,"column":0},"end":{"line":6,"column":27}},"6":{"start":{"line":7,"column":0},"end":{"line":7,"column":40}},"7":{"start":{"line":8,"column":0},"end":{"line":8,"column":23}},"8":{"start":{"line":9,"column":0},"end":{"line":9,"column":12}},"9":{"start":{"line":10,"column":0},"end":{"line":10,"column":36}},"10":{"start":{"line":11,"column":0},"end":{"line":11,"column":5}},"11":{"start":{"line":12,"column":0},"end":{"line":12,"column":4}},"12":{"start":{"line":13,"column":0},"end":{"line":13,"column":0}},"13":{"start":{"line":14,"column":0},"end":{"line":14,"column":27}},"14":{"start":{"line":15,"column":0},"end":{"line":15,"column":27}},"15":{"start":{"line":16,"column":0},"end":{"line":16,"column":36}},"16":{"start":{"line":17,"column":0},"end":{"line":17,"column":12}},"17":{"start":{"line":18,"column":0},"end":{"line":18,"column":36}},"18":{"start":{"line":19,"column":0},"end":{"line":19,"column":5}},"19":{"start":{"line":20,"column":0},"end":{"line":20,"column":4}},"20":{"start":{"line":21,"column":0},"end":{"line":21,"column":0}},"21":{"start":{"line":22,"column":0},"end":{"line":22,"column":40}},"22":{"start":{"line":23,"column":0},"end":{"line":23,"column":25}},"23":{"start":{"line":24,"column":0},"end":{"line":24,"column":4}},"24":{"start":{"line":25,"column":0},"end":{"line":25,"column":0}},"25":{"start":{"line":26,"column":0},"end":{"line":26,"column":10}},"26":{"start":{"line":27,"column":0},"end":{"line":27,"column":15}},"27":{"start":{"line":28,"column":0},"end":{"line":28,"column":14}},"28":{"start":{"line":29,"column":0},"end":{"line":29,"column":14}},"29":{"start":{"line":30,"column":0},"end":{"line":30,"column":14}},"30":{"start":{"line":31,"column":0},"end":{"line":31,"column":4}},"31":{"start":{"line":32,"column":0},"end":{"line":32,"column":1}}},"s":{"0":1,"1":1,"2":1,"3":3,"4":3,"5":3,"6":0,"7":0,"8":0,"9":0,"10":0,"11":0,"12":3,"13":3,"14":0,"15":0,"16":0,"17":0,"18":0,"19":0,"20":3,"21":3,"22":0,"23":0,"24":3,"25":3,"26":3,"27":3,"28":3,"29":3,"30":3,"31":3},"branchMap":{"0":{"type":"branch","line":3,"loc":{"start":{"line":3,"column":7},"end":{"line":32,"column":1}},"locations":[{"start":{"line":3,"column":7},"end":{"line":32,"column":1}}]},"1":{"type":"branch","line":32,"loc":{"start":{"line":32,"column":0},"end":{"line":32,"column":1}},"locations":[{"start":{"line":32,"column":0},"end":{"line":32,"column":1}}]}},"b":{"0":[3],"1":[3]},"fnMap":{"0":{"name":"useCarousel","decl":{"start":{"line":3,"column":7},"end":{"line":32,"column":1}},"loc":{"start":{"line":3,"column":7},"end":{"line":32,"column":1}},"line":3},"1":{"name":"nextSlide","decl":{"start":{"line":6,"column":20},"end":{"line":12,"column":4}},"loc":{"start":{"line":6,"column":20},"end":{"line":12,"column":4}},"line":6},"2":{"name":"prevSlide","decl":{"start":{"line":14,"column":20},"end":{"line":20,"column":4}},"loc":{"start":{"line":14,"column":20},"end":{"line":20,"column":4}},"line":14},"3":{"name":"goToSlide","decl":{"start":{"line":22,"column":21},"end":{"line":24,"column":4}},"loc":{"start":{"line":22,"column":21},"end":{"line":24,"column":4}},"line":22},"4":{"name":"get","decl":{"start":{"line":32,"column":0},"end":{"line":32,"column":1}},"loc":{"start":{"line":32,"column":0},"end":{"line":32,"column":1}},"line":32}},"f":{"0":3,"1":0,"2":0,"3":0,"4":3}}
,"/Users/jakubzientek/websites/homework33/src/tests/setup.js": {"path":"/Users/jakubzientek/websites/homework33/src/tests/setup.js","all":false,"statementMap":{"0":{"start":{"line":1,"column":0},"end":{"line":1,"column":43}},"1":{"start":{"line":2,"column":0},"end":{"line":2,"column":49}},"2":{"start":{"line":3,"column":0},"end":{"line":3,"column":58}},"3":{"start":{"line":4,"column":0},"end":{"line":4,"column":0}},"4":{"start":{"line":5,"column":0},"end":{"line":5,"column":73}},"5":{"start":{"line":6,"column":0},"end":{"line":6,"column":24}},"6":{"start":{"line":7,"column":0},"end":{"line":7,"column":0}},"7":{"start":{"line":8,"column":0},"end":{"line":8,"column":60}},"8":{"start":{"line":9,"column":0},"end":{"line":9,"column":17}},"9":{"start":{"line":10,"column":0},"end":{"line":10,"column":12}},"10":{"start":{"line":11,"column":0},"end":{"line":11,"column":3}}},"s":{"0":1,"1":1,"2":1,"3":1,"4":1,"5":1,"6":1,"7":1,"8":1,"9":4,"10":1},"branchMap":{"0":{"type":"branch","line":9,"loc":{"start":{"line":9,"column":11},"end":{"line":11,"column":2}},"locations":[{"start":{"line":9,"column":11},"end":{"line":11,"column":2}}]}},"b":{"0":[4]},"fnMap":{},"f":{}}
}
